[    0.000000] Initializing cgroup subsys cpuset
[    0.000000] Initializing cgroup subsys cpu
[    0.000000] Initializing cgroup subsys cpuacct
[    0.000000] Linux version 4.4.0-146-generic (buildd@lcy01-amd64-025) (gcc version 5.4.0 20160609 (Ubuntu 5.4.0-6ubuntu1~16.04.10) ) #172-Ubuntu SMP Wed Apr 3 09:00:08 UTC 2019 (Ubuntu 4.4.0-146.172-generic 4.4.177)
[    0.000000] Command line: BOOT_IMAGE=/boot/vmlinuz-4.4.0-146-generic root=LABEL=cloudimg-rootfs ro console=tty1 console=ttyS0
[    0.000000] KERNEL supported cpus:
[    0.000000]   Intel GenuineIntel
[    0.000000]   AMD AuthenticAMD
[    0.000000]   Centaur CentaurHauls
[    0.000000] x86/fpu: xstate_offset[2]:  576, xstate_sizes[2]:  256
[    0.000000] x86/fpu: Supporting XSAVE feature 0x01: 'x87 floating point registers'
[    0.000000] x86/fpu: Supporting XSAVE feature 0x02: 'SSE registers'
[    0.000000] x86/fpu: Supporting XSAVE feature 0x04: 'AVX registers'
[    0.000000] x86/fpu: Enabled xstate features 0x7, context size is 832 bytes, using 'standard' format.
[    0.000000] e820: BIOS-provided physical RAM map:
[    0.000000] BIOS-e820: [mem 0x0000000000000000-0x000000000009fbff] usable
[    0.000000] BIOS-e820: [mem 0x000000000009fc00-0x000000000009ffff] reserved
[    0.000000] BIOS-e820: [mem 0x00000000000f0000-0x00000000000fffff] reserved
[    0.000000] BIOS-e820: [mem 0x0000000000100000-0x000000003ffeffff] usable
[    0.000000] BIOS-e820: [mem 0x000000003fff0000-0x000000003fffffff] ACPI data
[    0.000000] BIOS-e820: [mem 0x00000000fec00000-0x00000000fec00fff] reserved
[    0.000000] BIOS-e820: [mem 0x00000000fee00000-0x00000000fee00fff] reserved
[    0.000000] BIOS-e820: [mem 0x00000000fffc0000-0x00000000ffffffff] reserved
[    0.000000] NX (Execute Disable) protection: active
[    0.000000] SMBIOS 2.5 present.
[    0.000000] Hypervisor detected: KVM
[    0.000000] e820: last_pfn = 0x3fff0 max_arch_pfn = 0x400000000
[    0.000000] MTRR: Disabled
[    0.000000] x86/PAT: MTRRs disabled, skipping PAT initialization too.
[    0.000000] CPU MTRRs all blank - virtualized system.
[    0.000000] x86/PAT: Configuration [0-7]: WB  WT  UC- UC  WB  WT  UC- UC  
[    0.000000] found SMP MP-table at [mem 0x0009fff0-0x0009ffff] mapped at [ffff88000009fff0]
[    0.000000] Scanning 1 areas for low memory corruption
[    0.000000] RAMDISK: [mem 0x362fa000-0x37174fff]
[    0.000000] ACPI: Early table checksum verification disabled
[    0.000000] ACPI: RSDP 0x00000000000E0000 000024 (v02 VBOX  )
[    0.000000] ACPI: XSDT 0x000000003FFF0030 00003C (v01 VBOX   VBOXXSDT 00000001 ASL  00000061)
[    0.000000] ACPI: FACP 0x000000003FFF00F0 0000F4 (v04 VBOX   VBOXFACP 00000001 ASL  00000061)
[    0.000000] ACPI: DSDT 0x000000003FFF0470 0022EA (v02 VBOX   VBOXBIOS 00000002 INTL 20100528)
[    0.000000] ACPI: FACS 0x000000003FFF0200 000040
[    0.000000] ACPI: FACS 0x000000003FFF0200 000040
[    0.000000] ACPI: APIC 0x000000003FFF0240 00005C (v02 VBOX   VBOXAPIC 00000001 ASL  00000061)
[    0.000000] ACPI: SSDT 0x000000003FFF02A0 0001CC (v01 VBOX   VBOXCPUT 00000002 INTL 20100528)
[    0.000000] No NUMA configuration found
[    0.000000] Faking a node at [mem 0x0000000000000000-0x000000003ffeffff]
[    0.000000] NODE_DATA(0) allocated [mem 0x3ffeb000-0x3ffeffff]
[    0.000000] kvm-clock: Using msrs 4b564d01 and 4b564d00
[    0.000000] kvm-clock: cpu 0, msr 0:3ffe3001, primary cpu clock
[    0.000000] kvm-clock: using sched offset of 8506678815 cycles
[    0.000000] clocksource: kvm-clock: mask: 0xffffffffffffffff max_cycles: 0x1cd42e4dffb, max_idle_ns: 881590591483 ns
[    0.000000] Zone ranges:
[    0.000000]   DMA      [mem 0x0000000000001000-0x0000000000ffffff]
[    0.000000]   DMA32    [mem 0x0000000001000000-0x000000003ffeffff]
[    0.000000]   Normal   empty
[    0.000000]   Device   empty
[    0.000000] Movable zone start for each node
[    0.000000] Early memory node ranges
[    0.000000]   node   0: [mem 0x0000000000001000-0x000000000009efff]
[    0.000000]   node   0: [mem 0x0000000000100000-0x000000003ffeffff]
[    0.000000] Initmem setup node 0 [mem 0x0000000000001000-0x000000003ffeffff]
[    0.000000] ACPI: PM-Timer IO Port: 0x4008
[    0.000000] IOAPIC[0]: apic_id 2, version 32, address 0xfec00000, GSI 0-23
[    0.000000] ACPI: INT_SRC_OVR (bus 0 bus_irq 0 global_irq 2 dfl dfl)
[    0.000000] ACPI: INT_SRC_OVR (bus 0 bus_irq 9 global_irq 9 low level)
[    0.000000] Using ACPI (MADT) for SMP configuration information
[    0.000000] smpboot: Allowing 2 CPUs, 0 hotplug CPUs
[    0.000000] PM: Registered nosave memory: [mem 0x00000000-0x00000fff]
[    0.000000] PM: Registered nosave memory: [mem 0x0009f000-0x0009ffff]
[    0.000000] PM: Registered nosave memory: [mem 0x000a0000-0x000effff]
[    0.000000] PM: Registered nosave memory: [mem 0x000f0000-0x000fffff]
[    0.000000] e820: [mem 0x40000000-0xfebfffff] available for PCI devices
[    0.000000] Booting paravirtualized kernel on KVM
[    0.000000] clocksource: refined-jiffies: mask: 0xffffffff max_cycles: 0xffffffff, max_idle_ns: 7645519600211568 ns
[    0.000000] setup_percpu: NR_CPUS:512 nr_cpumask_bits:512 nr_cpu_ids:2 nr_node_ids:1
[    0.000000] PERCPU: Embedded 34 pages/cpu @ffff88003fc00000 s99480 r8192 d31592 u1048576
[    0.000000] Built 1 zonelists in Node order, mobility grouping on.  Total pages: 257912
[    0.000000] Policy zone: DMA32
[    0.000000] Kernel command line: BOOT_IMAGE=/boot/vmlinuz-4.4.0-146-generic root=LABEL=cloudimg-rootfs ro console=tty1 console=ttyS0
[    0.000000] PID hash table entries: 4096 (order: 3, 32768 bytes)
[    0.000000] Memory: 997732K/1048120K available (8609K kernel code, 1334K rwdata, 4028K rodata, 1484K init, 1284K bss, 50388K reserved, 0K cma-reserved)
[    0.000000] SLUB: HWalign=64, Order=0-3, MinObjects=0, CPUs=2, Nodes=1
[    0.000000] Kernel/User page tables isolation: enabled
[    0.000000] Hierarchical RCU implementation.
[    0.000000] 	Build-time adjustment of leaf fanout to 64.
[    0.000000] 	RCU restricting CPUs from NR_CPUS=512 to nr_cpu_ids=2.
[    0.000000] RCU: Adjusting geometry for rcu_fanout_leaf=64, nr_cpu_ids=2
[    0.000000] NR_IRQS:33024 nr_irqs:440 16
[    0.000000] Console: colour VGA+ 80x25
[    0.000000] console [tty1] enabled
[    0.000000] console [ttyS0] enabled
[    0.000000] tsc: Detected 1599.999 MHz processor
[    0.267641] Calibrating delay loop (skipped) preset value.. 3199.99 BogoMIPS (lpj=6399996)
[    0.270625] pid_max: default: 32768 minimum: 301
[    0.272732] ACPI: Core revision 20150930
[    0.275216] ACPI: 2 ACPI AML tables successfully acquired and loaded
[    0.277871] Security Framework initialized
[    0.279840] Yama: becoming mindful.
[    0.281501] AppArmor: AppArmor initialized
[    0.283205] Dentry cache hash table entries: 131072 (order: 8, 1048576 bytes)
[    0.288305] Inode-cache hash table entries: 65536 (order: 7, 524288 bytes)
[    0.291051] Mount-cache hash table entries: 2048 (order: 2, 16384 bytes)
[    0.293526] Mountpoint-cache hash table entries: 2048 (order: 2, 16384 bytes)
[    0.296395] Initializing cgroup subsys io
[    0.298073] Initializing cgroup subsys memory
[    0.300003] Initializing cgroup subsys devices
[    0.301553] Initializing cgroup subsys freezer
[    0.303277] Initializing cgroup subsys net_cls
[    0.305193] Initializing cgroup subsys perf_event
[    0.306967] Initializing cgroup subsys net_prio
[    0.308929] Initializing cgroup subsys hugetlb
[    0.311387] Initializing cgroup subsys pids
[    0.314255] mce: CPU supports 0 MCE banks
[    0.315775] Last level iTLB entries: 4KB 64, 2MB 8, 4MB 8
[    0.317631] Last level dTLB entries: 4KB 64, 2MB 0, 4MB 0, 1GB 4
[    0.319711] Spectre V2 : Mitigation: Full generic retpoline
[    0.321574] Spectre V2 : Spectre v2 / SpectreRSB mitigation: Filling RSB on context switch
[    0.325131] Speculative Store Bypass: Vulnerable
[    0.330447] Freeing SMP alternatives memory: 36K
[    0.339592] ftrace: allocating 32287 entries in 127 pages
[    0.410502] smpboot: APIC(0) Converting physical 0 to logical package 0
[    0.413704] smpboot: Max logical packages: 1
[    0.415657] x2apic enabled
[    0.417005] Switched APIC routing to physical x2apic.
[    0.420340] ..TIMER: vector=0x30 apic1=0 pin1=2 apic2=-1 pin2=-1
[    0.531253] smpboot: CPU0: Intel(R) Core(TM) i5-5250U CPU @ 1.60GHz (family: 0x6, model: 0x3d, stepping: 0x4)
[    0.535177] Performance Events: unsupported p6 CPU model 61 no PMU driver, software events only.
[    0.550710] KVM setup paravirtual spinlock
[    0.553273] x86: Booting SMP configuration:
[    0.554891] .... node  #0, CPUs:      #1
[    0.556545] kvm-clock: cpu 1, msr 0:3ffe3041, secondary cpu clock
[    0.560254] mce: CPU supports 0 MCE banks
[    0.563826] x86: Booted up 1 node, 2 CPUs
[    0.565675] smpboot: Total of 2 processors activated (6399.99 BogoMIPS)
[    0.569074] devtmpfs: initialized
[    0.572003] evm: security.selinux
[    0.573296] evm: security.SMACK64
[    0.574543] evm: security.SMACK64EXEC
[    0.576032] evm: security.SMACK64TRANSMUTE
[    0.578157] evm: security.SMACK64MMAP
[    0.580183] evm: security.ima
[    0.581540] evm: security.capability
[    0.583203] clocksource: jiffies: mask: 0xffffffff max_cycles: 0xffffffff, max_idle_ns: 7645041785100000 ns
[    0.586831] futex hash table entries: 512 (order: 3, 32768 bytes)
[    0.589489] pinctrl core: initialized pinctrl subsystem
[    0.591898] RTC time: 16:49:57, date: 05/29/19
[    0.594227] NET: Registered protocol family 16
[    0.607909] cpuidle: using governor ladder
[    0.620199] cpuidle: using governor menu
[    0.622585] PCCT header not found.
[    0.624315] ACPI: bus type PCI registered
[    0.626263] acpiphp: ACPI Hot Plug PCI Controller Driver version: 0.5
[    0.629016] PCI: Using configuration type 1 for base access
[    0.645008] ACPI: Added _OSI(Module Device)
[    0.647822] ACPI: Added _OSI(Processor Device)
[    0.649514] ACPI: Added _OSI(3.0 _SCP Extensions)
[    0.651122] ACPI: Added _OSI(Processor Aggregator Device)
[    0.654428] ACPI: Executed 1 blocks of module-level executable AML code
[    0.659628] ACPI: Interpreter enabled
[    0.661217] ACPI: (supports S0 S5)
[    0.662757] ACPI: Using IOAPIC for interrupt routing
[    0.664891] PCI: Using host bridge windows from ACPI; if necessary, use "pci=nocrs" and report a bug
[    0.673648] ACPI: PCI Root Bridge [PCI0] (domain 0000 [bus 00-ff])
[    0.676135] acpi PNP0A03:00: _OSC: OS supports [ASPM ClockPM Segments MSI]
[    0.679999] acpi PNP0A03:00: _OSC: not requesting OS control; OS requires [ExtendedConfig ASPM ClockPM MSI]
[    0.683607] acpi PNP0A03:00: fail to add MMCONFIG information, can't access extended PCI configuration space under this bridge.
[    0.688282] PCI host bridge to bus 0000:00
[    0.689735] pci_bus 0000:00: root bus resource [io  0x0000-0x0cf7 window]
[    0.691966] pci_bus 0000:00: root bus resource [io  0x0d00-0xffff window]
[    0.694407] pci_bus 0000:00: root bus resource [mem 0x000a0000-0x000bffff window]
[    0.697250] pci_bus 0000:00: root bus resource [mem 0x40000000-0xfdffffff window]
[    0.699954] pci_bus 0000:00: root bus resource [bus 00-ff]
[    0.705875] pci 0000:00:01.1: legacy IDE quirk: reg 0x10: [io  0x01f0-0x01f7]
[    0.708507] pci 0000:00:01.1: legacy IDE quirk: reg 0x14: [io  0x03f6]
[    0.710626] pci 0000:00:01.1: legacy IDE quirk: reg 0x18: [io  0x0170-0x0177]
[    0.713812] pci 0000:00:01.1: legacy IDE quirk: reg 0x1c: [io  0x0376]
[    0.741683] pci 0000:00:07.0: quirk: [io  0x4000-0x403f] claimed by PIIX4 ACPI
[    0.744888] pci 0000:00:07.0: quirk: [io  0x4100-0x410f] claimed by PIIX4 SMB
[    0.776399] ACPI: PCI Interrupt Link [LNKA] (IRQs 5 9 10 *11)
[    0.780082] ACPI: PCI Interrupt Link [LNKB] (IRQs 5 9 *10 11)
[    0.783081] ACPI: PCI Interrupt Link [LNKC] (IRQs 5 *9 10 11)
[    0.786008] ACPI: PCI Interrupt Link [LNKD] (IRQs 5 9 10 *11)
[    0.788731] ACPI: Enabled 2 GPEs in block 00 to 07
[    0.790915] vgaarb: setting as boot device: PCI:0000:00:02.0
[    0.793398] vgaarb: device added: PCI:0000:00:02.0,decodes=io+mem,owns=io+mem,locks=none
[    0.796981] vgaarb: loaded
[    0.798054] vgaarb: bridge control possible 0000:00:02.0
[    0.800307] SCSI subsystem initialized
[    0.802058] ACPI: bus type USB registered
[    0.804217] usbcore: registered new interface driver usbfs
[    0.806248] usbcore: registered new interface driver hub
[    0.808832] usbcore: registered new device driver usb
[    0.810894] PCI: Using ACPI for IRQ routing
[    0.813393] NetLabel: Initializing
[    0.814964] NetLabel:  domain hash size = 128
[    0.816621] NetLabel:  protocols = UNLABELED CIPSOv4
[    0.820807] NetLabel:  unlabeled traffic allowed by default
[    0.823269] amd_nb: Cannot enumerate AMD northbridges
[    0.825143] clocksource: Switched to clocksource kvm-clock
[    0.837630] AppArmor: AppArmor Filesystem Enabled
[    0.839756] pnp: PnP ACPI init
[    0.842644] pnp: PnP ACPI: found 3 devices
[    0.855821] clocksource: acpi_pm: mask: 0xffffff max_cycles: 0xffffff, max_idle_ns: 2085701024 ns
[    0.859339] NET: Registered protocol family 2
[    0.861272] TCP established hash table entries: 8192 (order: 4, 65536 bytes)
[    0.863708] TCP bind hash table entries: 8192 (order: 5, 131072 bytes)
[    0.865971] TCP: Hash tables configured (established 8192 bind 8192)
[    0.868786] UDP hash table entries: 512 (order: 2, 16384 bytes)
[    0.871489] UDP-Lite hash table entries: 512 (order: 2, 16384 bytes)
[    0.874454] NET: Registered protocol family 1
[    0.876369] pci 0000:00:00.0: Limiting direct PCI/PCI transfers
[    0.880193] pci 0000:00:01.0: Activating ISA DMA hang workarounds
[    0.883359] Unpacking initramfs...
[    1.241232] Freeing initrd memory: 14828K
[    1.243435] RAPL PMU detected, API unit is 2^-32 Joules, 4 fixed counters 10737418240 ms ovfl timer
[    1.247904] hw unit of domain pp0-core 2^-0 Joules
[    1.250190] hw unit of domain package 2^-0 Joules
[    1.252504] hw unit of domain dram 2^-0 Joules
[    1.254795] hw unit of domain pp1-gpu 2^-0 Joules
[    1.257132] platform rtc_cmos: registered platform RTC device (no PNP device found)
[    1.261327] Scanning for low memory corruption every 60 seconds
[    1.264540] audit: initializing netlink subsys (disabled)
[    1.267349] audit: type=2000 audit(1559148607.427:1): initialized
[    1.270823] Initialise system trusted keyring
[    1.273463] HugeTLB registered 2 MB page size, pre-allocated 0 pages
[    1.278491] zbud: loaded
[    1.280046] VFS: Disk quotas dquot_6.6.0
[    1.282079] VFS: Dquot-cache hash table entries: 512 (order 0, 4096 bytes)
[    1.286300] squashfs: version 4.0 (2009/01/31) Phillip Lougher
[    1.289409] fuse init (API version 7.23)
[    1.291425] Key type big_key registered
[    1.294132] Allocating IMA MOK and blacklist keyrings.
[    1.299144] Key type asymmetric registered
[    1.301651] Asymmetric key parser 'x509' registered
[    1.304029] Block layer SCSI generic (bsg) driver version 0.4 loaded (major 249)
[    1.307729] io scheduler noop registered
[    1.310238] io scheduler deadline registered (default)
[    1.312853] io scheduler cfq registered
[    1.314894] pci_hotplug: PCI Hot Plug PCI Core version: 0.5
[    1.318089] pciehp: PCI Express Hot Plug Controller Driver version: 0.4
[    1.321560] ACPI: AC Adapter [AC] (on-line)
[    1.323673] input: Power Button as /devices/LNXSYSTM:00/LNXPWRBN:00/input/input0
[    1.327391] ACPI: Power Button [PWRF]
[    1.329497] input: Sleep Button as /devices/LNXSYSTM:00/LNXSLPBN:00/input/input1
[    1.334985] ACPI: Sleep Button [SLPF]
[    1.338682] ACPI: Battery Slot [BAT0] (battery present)
[    1.341636] GHES: HEST is not enabled!
[    1.343672] Serial: 8250/16550 driver, 32 ports, IRQ sharing enabled
[    1.367675] 00:02: ttyS0 at I/O 0x3f8 (irq = 4, base_baud = 115200) is a 16550A
[    1.374425] Linux agpgart interface v0.103
[    1.379598] loop: module loaded
[    1.382265] scsi host0: ata_piix
[    1.383677] scsi host1: ata_piix
[    1.385011] ata1: PATA max UDMA/33 cmd 0x1f0 ctl 0x3f6 bmdma 0xd000 irq 14
[    1.387616] ata2: PATA max UDMA/33 cmd 0x170 ctl 0x376 bmdma 0xd008 irq 15
[    1.390281] libphy: Fixed MDIO Bus: probed
[    1.392126] tun: Universal TUN/TAP device driver, 1.6
[    1.393958] tun: (C) 1999-2004 Max Krasnyansky <maxk@qualcomm.com>
[    1.396493] PPP generic driver version 2.4.2
[    1.399272] ehci_hcd: USB 2.0 'Enhanced' Host Controller (EHCI) Driver
[    1.401763] ehci-pci: EHCI PCI platform driver
[    1.403351] ehci-platform: EHCI generic platform driver
[    1.405543] ohci_hcd: USB 1.1 'Open' Host Controller (OHCI) Driver
[    1.408080] ohci-pci: OHCI PCI platform driver
[    1.409763] ohci-platform: OHCI generic platform driver
[    1.411554] uhci_hcd: USB Universal Host Controller Interface driver
[    1.414151] i8042: PNP: PS/2 Controller [PNP0303:PS2K,PNP0f03:PS2M] at 0x60,0x64 irq 1,12
[    1.417657] serio: i8042 KBD port at 0x60,0x64 irq 1
[    1.419404] serio: i8042 AUX port at 0x60,0x64 irq 12
[    1.421508] mousedev: PS/2 mouse device common for all mice
[    1.423826] input: AT Translated Set 2 keyboard as /devices/platform/i8042/serio0/input/input2
[    1.427598] rtc_cmos rtc_cmos: rtc core: registered rtc_cmos as rtc0
[    1.430797] rtc_cmos rtc_cmos: alarms up to one day, 114 bytes nvram
[    1.433406] i2c /dev entries driver
[    1.435189] device-mapper: uevent: version 1.0.3
[    1.437295] device-mapper: ioctl: 4.34.0-ioctl (2015-10-28) initialised: dm-devel@redhat.com
[    1.440367] ledtrig-cpu: registered to indicate activity on CPUs
[    1.443186] NET: Registered protocol family 10
[    1.445496] NET: Registered protocol family 17
[    1.447248] Key type dns_resolver registered
[    1.449512] registered taskstats version 1
[    1.450975] Loading compiled-in X.509 certificates
[    1.453335] Loaded X.509 cert 'Build time autogenerated kernel key: 4dcb2dc2c7cf43e0c20c44384f68683c20294489'
[    1.457382] zswap: loaded using pool lzo/zbud
[    1.461350] Key type trusted registered
[    1.467891] Key type encrypted registered
[    1.469405] AppArmor: AppArmor sha1 policy hashing enabled
[    1.471267] ima: No TPM chip found, activating TPM-bypass!
[    1.473127] ima: Allocated hash algorithm: sha1
[    1.474780] evm: HMAC attrs: 0x1
[    1.476807]   Magic number: 3:658:844
[    1.478800] rtc_cmos rtc_cmos: setting system clock to 2019-05-29 16:49:57 UTC (1559148597)
[    1.482518] BIOS EDD facility v0.16 2004-Jun-25, 0 devices found
[    1.484991] EDD information not available.
[    1.548049] Freeing unused kernel memory: 1484K
[    1.550833] Write protecting the kernel read-only data: 14336k
[    1.554854] Freeing unused kernel memory: 1620K
[    1.557408] Freeing unused kernel memory: 68K
Loading, please wait...
starting version 229
[    1.577495] random: systemd-udevd: uninitialized urandom read (16 bytes read, 3 bits of entropy available)
[    1.578005] random: udevadm: uninitialized urandom read (16 bytes read, 3 bits of entropy available)
[    1.578030] random: udevadm: uninitialized urandom read (16 bytes read, 3 bits of entropy available)
[    1.587159] random: udevadm: uninitialized urandom read (16 bytes read, 3 bits of entropy available)
[    1.587209] random: udevadm: uninitialized urandom read (16 bytes read, 3 bits of entropy available)
[    1.587357] random: udevadm: uninitialized urandom read (16 bytes read, 3 bits of entropy available)
[    1.587411] random: udevadm: uninitialized urandom read (16 bytes read, 3 bits of entropy available)
[    1.587466] random: udevadm: uninitialized urandom read (16 bytes read, 3 bits of entropy available)
[    1.587520] random: udevadm: uninitialized urandom read (16 bytes read, 3 bits of entropy available)
[    1.587648] random: udevadm: uninitialized urandom read (16 bytes read, 3 bits of entropy available)
[    1.664976] e1000: Intel(R) PRO/1000 Network Driver - version 7.3.21-k8-NAPI
[    1.667382] e1000: Copyright (c) 1999-2006 Intel Corporation.
[    1.670814] Fusion MPT base driver 3.04.20
[    1.672329] Copyright (c) 1999-2008 LSI Corporation
[    1.710842] AVX2 version of gcm_enc/dec engaged.
[    1.713247] AES CTR mode by8 optimization enabled
[    1.718182] Fusion MPT SPI Host driver 3.04.20
[    1.923364] input: ImExPS/2 Generic Explorer Mouse as /devices/platform/i8042/serio1/input/input4
[    2.208668] e1000 0000:00:03.0 eth0: (PCI:33MHz:32-bit) 02:3a:f4:24:e2:72
[    2.212046] e1000 0000:00:03.0 eth0: Intel(R) PRO/1000 Network Connection
[    2.253263] tsc: Refined TSC clocksource calibration: 1599.317 MHz
[    2.256670] clocksource: tsc: mask: 0xffffffffffffffff max_cycles: 0x170d9fb8e9a, max_idle_ns: 440795217438 ns
[    2.730062] e1000 0000:00:08.0 eth1: (PCI:33MHz:32-bit) 08:00:27:12:67:d6
[    2.733504] e1000 0000:00:08.0 eth1: Intel(R) PRO/1000 Network Connection
[    2.737724] mptbase: ioc0: Initiating bringup
[    2.738052] e1000 0000:00:08.0 enp0s8: renamed from eth1
[    2.753927] e1000 0000:00:03.0 enp0s3: renamed from eth0
[    2.809791] ioc0: LSI53C1030 A0: Capabilities={Initiator}
[    2.978215] scsi host2: ioc0: LSI53C1030 A0, FwRev=00000000h, Ports=1, MaxQ=256, IRQ=20
[    3.099444] scsi 2:0:0:0: Direct-Access     VBOX     HARDDISK         1.0  PQ: 0 ANSI: 5
[    3.106230] scsi target2:0:0: Beginning Domain Validation
[    3.111268] scsi target2:0:0: Domain Validation skipping write tests
[    3.114416] scsi target2:0:0: Ending Domain Validation
[    3.129357] scsi target2:0:0: asynchronous
[    3.132844] scsi 2:0:1:0: Direct-Access     VBOX     HARDDISK         1.0  PQ: 0 ANSI: 5
[    3.138189] scsi target2:0:1: Beginning Domain Validation
[    3.143532] scsi target2:0:1: Domain Validation skipping write tests
[    3.146600] scsi target2:0:1: Ending Domain Validation
[    3.149047] scsi target2:0:1: asynchronous
[    3.165400] sd 2:0:0:0: Attached scsi generic sg0 type 0
[    3.168237] sd 2:0:0:0: [sda] 20971520 512-byte logical blocks: (10.7 GB/10.0 GiB)
[    3.173832] sd 2:0:1:0: Attached scsi generic sg1 type 0
[    3.176336] sd 2:0:1:0: [sdb] 20480 512-byte logical blocks: (10.5 MB/10.0 MiB)
[    3.181009] sd 2:0:0:0: [sda] Write Protect is off
[    3.183510] sd 2:0:1:0: [sdb] Write Protect is off
[    3.186987] sd 2:0:1:0: [sdb] Incomplete mode parameter data
[    3.189491] sd 2:0:1:0: [sdb] Assuming drive cache: write through
[    3.191647] sd 2:0:0:0: [sda] Incomplete mode parameter data
[    3.194192] sd 2:0:0:0: [sda] Assuming drive cache: write through
[    3.200533]  sda: sda1
[    3.204510] sd 2:0:1:0: [sdb] Attached SCSI disk
[    3.208744] sd 2:0:0:0: [sda] Attached SCSI disk
Begin: Loading essential drivers ... [    5.032760] md: linear personality registered for level -1
[    5.040015] md: multipath personality registered for level -4
[    5.047011] md: raid0 personality registered for level 0
[    5.055587] md: raid1 personality registered for level 1
[    5.130342] raid6: sse2x1   gen()  5758 MB/s
[    5.201311] raid6: sse2x1   xor()  4501 MB/s
[    5.269250] raid6: sse2x2   gen()  8224 MB/s
[    5.337388] raid6: sse2x2   xor()  5460 MB/s
[    5.405554] raid6: sse2x4   gen()  8613 MB/s
[    5.473493] raid6: sse2x4   xor()  4648 MB/s
[    5.541817] raid6: avx2x1   gen()  8995 MB/s
[    5.609259] raid6: avx2x2   gen() 12874 MB/s
[    5.677764] raid6: avx2x4   gen() 16937 MB/s
[    5.679601] raid6: using algorithm avx2x4 gen() 16937 MB/s
[    5.681528] raid6: using avx2x2 recovery algorithm
[    5.687258] xor: automatically using best checksumming function:
[    5.729727]    avx       : 26317.000 MB/sec
[    5.733569] async_tx: api initialized (async)
[    5.750576] md: raid6 personality registered for level 6
[    5.753006] md: raid5 personality registered for level 5
[    5.755536] md: raid4 personality registered for level 4
[    5.821671] md: raid10 personality registered for level 10
done.
Begin: Running /scripts/init-premount ... done.
Begin: Mounting root file system ... Begin: Running /scripts/local-top ... done.
Begin: Running /scripts/local-premount ... [    6.107564] Btrfs loaded
Scanning for Btrfs filesystems
done.
Warning: fsck not present, so skipping root file system
[    6.298273] EXT4-fs (sda1): mounted filesystem with ordered data mode. Opts: (null)
done.
Begin: Running /scripts/local-bottom ... done.
Begin: Running /scripts/init-bottom ... done.
[    6.875576] systemd[1]: systemd 229 running in system mode. (+PAM +AUDIT +SELINUX +IMA +APPARMOR +SMACK +SYSVINIT +UTMP +LIBCRYPTSETUP +GCRYPT +GNUTLS +ACL +XZ -LZ4 +SECCOMP +BLKID +ELFUTILS +KMOD -IDN)
[    6.882941] systemd[1]: Detected virtualization oracle.
[    6.885131] systemd[1]: Detected architecture x86-64.

Welcome to [1mUbuntu 16.04.6 LTS[0m!

[    6.896339] systemd[1]: Set hostname to <ubuntu-xenial>.
[    8.017768] systemd[1]: Configuration file /lib/systemd/system/mongod.service is marked world-inaccessible. This has no effect as configuration data is accessible via APIs without restrictions. Proceeding anyway.
[    8.094479] systemd[1]: Reached target System Time Synchronized.
[[0;32m  OK  [0m] Reached target System Time Synchronized.
[    8.100169] systemd[1]: Listening on Journal Audit Socket.
[[0;32m  OK  [0m] Listening on Journal Audit Socket.
[    8.106464] systemd[1]: Listening on Journal Socket (/dev/log).
[[0;32m  OK  [0m] Listening on Journal Socket (/dev/log).
[    8.111389] systemd[1]: Created slice System Slice.
[[0;32m  OK  [0m] Created slice System Slice.
[    8.116060] systemd[1]: Reached target User and Group Name Lookups.
[[0;32m  OK  [0m] Reached target User and Group Name Lookups.
[    8.120294] systemd[1]: Listening on LVM2 metadata daemon socket.
[[0;32m  OK  [0m] Listening on LVM2 metadata daemon socket.
[    8.127948] systemd[1]: Set up automount Arbitrary Executable File Formats File System Automount Point.
[[0;32m  OK  [0m] Set up automount Arbitrary Executab...ats File System Automount Point.
[    8.136499] systemd[1]: Listening on LVM2 poll daemon socket.
[[0;32m  OK  [0m] Listening on LVM2 poll daemon socket.
[    8.142076] systemd[1]: Created slice User and Session Slice.
[[0;32m  OK  [0m] Created slice User and Session Slice.
[    8.147053] systemd[1]: Reached target Slices.
[[0;32m  OK  [0m] Reached target Slices.
[    8.150747] systemd[1]: Listening on Journal Socket.
[[0;32m  OK  [0m] Listening on Journal Socket.
[    8.166276] systemd[1]: Starting Remount Root and Kernel File Systems...
         Starting Remount Root and Kernel File Systems...
[    8.174318] systemd[1]: Starting Create list of required static device nodes for the current kernel...
         Starting Create list of required st... nodes for the current kernel...
[    8.183664] systemd[1]: Mounting Debug File System...
         Mounting Debug File System...
[    8.195140] systemd[1]: Starting Uncomplicated firewall...
         Starting Uncomplicated firewall...
[    8.202329] systemd[1]: Starting Set console keymap...
         Starting Set console keymap...
[    8.206743] systemd[1]: Listening on udev Kernel Socket.
[[0;32m  OK  [0m] Listening on udev Kernel Socket.
[    8.211901] systemd[1]: Listening on Device-mapper event daemon FIFOs.
[[0;32m  OK  [0m] Listening on Device-mapper event daemon FIFOs.
[    8.217850] systemd[1]: Started Trigger resolvconf update for networkd DNS.
[[0;32m  OK  [0m] Started Trigger resolvconf update for networkd DNS.
[    8.226900] systemd[1]: Started Forward Password Requests to Wall Directory Watch.
[    8.242995] EXT4-fs (sda1): re-mounted. Opts: (null)
[[0;32m  OK  [0m] Started Forward Password Requests to Wall Directory Watch.
[    8.285699] systemd[1]: Starting Load Kernel Modules...
         Starting Load Kernel Modules...
[    8.290825] systemd[1]: Starting Nameserver information manager...
[    8.293103] random: nonblocking pool is initialized
         Starting Nameserver information manager...
[    8.297642] systemd[1]: Reached target Swap.
[[0;32m  OK  [0m] Reached target Swap.
[    8.303535] systemd[1]: Listening on udev Control Socket.
[[0;32m  OK  [0m] Listening on udev Control Socket.
[    8.310735] systemd[1]: Mounting POSIX Message Queue File System...
         Mounting POSIX Message Queue File System...
[    8.316878] systemd[1]: Reached target Encrypted Volumes.
[[0;32m  OK  [0m] Reached target Encrypted Volumes.
[    8.321542] Loading iSCSI transport class v2.0-870.
[    8.323952] systemd[1]: Listening on /dev/initctl Compatibility Named Pipe.
[[0;32m  OK  [0m] Listening on /dev/initctl Compatibility Named Pipe.
[    8.331229] systemd[1]: Starting Monitoring of LVM2 mirrors, snapshots etc. using dmeventd or progress polling...
         Starting Monitoring of LVM2 mirrors... dmeventd or progress polling...
[    8.340740] systemd[1]: Mounting Huge Pages File System...
         Mounting Huge Pages File System...
[    8.347120] systemd[1]: Created slice system-serial\x2dgetty.slice.
[[0;32m  OK  [0m] Created slice system-serial\x2dgetty.slice.
[    8.355832] systemd[1]: Listening on Syslog Socket.
[    8.356254] iscsi: registered transport (tcp)
[[0;32m  OK  [0m] Listening on Syslog Socket.
[    8.377679] systemd[1]: Starting Journal Service...
         Starting Journal Service...
[    8.384651] systemd[1]: Mounted POSIX Message Queue File System.
[[0;32m  OK  [0m] Mounted POSIX Message Queue File System.
[    8.392971] systemd[1]: Mounted Debug File System.
[[0;32m  OK  [0m] Mounted Debug File System.
[    8.398303] systemd[1]: Mounted Huge Pages File System.
[[0;32m  OK  [0m] Mounted Huge Pages File System.
[    8.403914] systemd[1]: Started Remount Root and Kernel File Systems.
[[0;32m  OK  [0m] Started Remount Root and Kernel File Systems.
[    8.411362] systemd[1]: Started Create list of required static device nodes for the current kernel.
[[0;32m  OK  [0m] Started Create list of required sta...ce nodes for the current kernel.
[    8.420397] systemd[1]: Started Uncomplicated firewall.
[[0;32m  OK  [0m] Started Uncomplicated firewall.
[    8.425769] systemd[1]: Started Set console keymap.
[[0;32m  OK  [0m] Started Set console keymap.
[    8.458846] systemd[1]: Started Nameserver information manager.
[[0;32m  OK  [0m] Started Nameserver information manager.
[    8.470610] systemd[1]: Started Journal Service.
[[0;32m  OK  [0m] Started Journal Service.
[    8.479029] iscsi: registered transport (iser)
[[0;32m  OK  [0m] Started Load Kernel Modules.
         Mounting FUSE Control File System...
         Starting Apply Kernel Variables...
[[0;32m  OK  [0m] Started LVM2 metadata daemon.
         Starting Create Static Device Nodes in /dev...
         Starting udev Coldplug all Devices...
         Starting Flush Journal to Persistent Storage...
         Starting Load/Save Random Seed...
[[0;32m  OK  [0m] Mounted FUSE Control File System.
[[0;32m  OK  [0m] Started Load/Save Random Seed.
[[0;32m  OK  [0m] Started Apply Kernel Variables.
[[0;32m  OK  [0m] Started Create Static Device Nodes in /dev.
[[0;32m  OK  [0m] Started Monitoring of LVM2 mirrors,...ng dmeventd or progress polling.
[[0;32m  OK  [0m] Started udev Coldplug all Devices.
[[0;32m  OK  [0m] Started Flush Journal to Persistent Storage.
         Starting udev Kernel Device Manager...
[[0;32m  OK  [0m] Reached target Local File Systems (Pre).
[[0;32m  OK  [0m] Reached target Local File Systems.
         Starting Tell Plymouth To Write Out Runtime Data...
         Starting Set console font and keymap...
         Starting Initial cloud-init job (pre-networking)...
         Starting Create Volatile Files and Directories...
         Starting LSB: AppArmor initialization...
[[0;32m  OK  [0m] Started Tell Plymouth To Write Out Runtime Data.
[[0;32m  OK  [0m] Started Create Volatile Files and Directories.
         Starting Update UTMP about System Boot/Shutdown...
[[0;32m  OK  [0m] Started Update UTMP about System Boot/Shutdown.
[[0;32m  OK  [0m] Started udev Kernel Device Manager.
[[0;32m  OK  [0m] Started Dispatch Password Requests to Console Directory Watch.
[[0;32m  OK  [0m] Started LSB: AppArmor initialization.
[[0;32m  OK  [0m] Found device /dev/ttyS0.
[[0;32m  OK  [0m] Listening on Load/Save RF Kill Switch Status /dev/rfkill Watch.
[[0;32m  OK  [0m] Found device 82540EM Gigabit Ethern...r (PRO/1000 MT Desktop Adapter).
[[0;32m  OK  [0m] Found device 82540EM Gigabit Ethern...r (PRO/1000 MT Desktop Adapter).
[[0;32m  OK  [0m] Started Set console font and keymap.
[[0;32m  OK  [0m] Created slice system-getty.slice.
[   12.392401] cloud-init[470]: Cloud-init v. 18.5-45-g3554ffe8-0ubuntu1~16.04.1 running 'init-local' at Wed, 29 May 2019 16:50:07 +0000. Up 11.32 seconds.
[[0;32m  OK  [0m] Started Initial cloud-init job (pre-networking).
[[0;32m  OK  [0m] Reached target Network (Pre).
[[0;32m  OK  [0m] Started ifup for enp0s3.
         Starting Raise network interfaces...
[[0;32m  OK  [0m] Started ifup for enp0s8.
[[0;32m  OK  [0m] Started Raise network interfaces.
[[0;32m  OK  [0m] Reached target Network.
         Starting Initial cloud-init job (metadata service crawler)...
[   15.517384] cloud-init[1076]: Cloud-init v. 18.5-45-g3554ffe8-0ubuntu1~16.04.1 running 'init' at Wed, 29 May 2019 16:50:10 +0000. Up 14.25 seconds.
[   15.524561] cloud-init[1076]: ci-info: ++++++++++++++++++++++++++++++++++++++Net device info+++++++++++++++++++++++++++++++++++++++
[   15.530479] cloud-init[1076]: ci-info: +--------+------+-----------------------------+---------------+--------+-------------------+
[   15.535488] cloud-init[1076]: ci-info: | Device |  Up  |           Address           |      Mask     | Scope  |     Hw-Address    |
[   15.548891] cloud-init[1076]: ci-info: +--------+------+-----------------------------+---------------+--------+-------------------+
[   15.564812] cloud-init[1076]: ci-info: | enp0s3 | True |          10.0.2.15          | 255.255.255.0 | global | 02:3a:f4:24:e2:72 |
[   15.570842] cloud-init[1076]: ci-info: | enp0s3 | True |  fe80::3a:f4ff:fe24:e272/64 |       .       |  link  | 02:3a:f4:24:e2:72 |
[   15.577583] cloud-init[1076]: ci-info: | enp0s8 | True |        192.168.10.150       | 255.255.255.0 | global | 08:00:27:12:67:d6 |
[   15.583238] cloud-init[1076]: ci-info: | enp0s8 | True | fe80::a00:27ff:fe12:67d6/64 |       .       |  link  | 08:00:27:12:67:d6 |
[   15.590235] cloud-init[1076]: ci-info: |   lo   | True |          127.0.0.1          |   255.0.0.0   |  host  |         .         |
[   15.596730] cloud-init[1076]: ci-info: |   lo   | True |           ::1/128           |       .       |  host  |         .         |
[   15.604386] cloud-init[1076]: ci-info: +--------+------+-----------------------------+---------------+--------+-------------------+
[   15.611538] cloud-init[1076]: ci-info: ++++++++++++++++++++++++++++Route IPv4 info++++++++++++++++++++++++++++
[   15.618426] cloud-init[1076]: ci-info: +-------+--------------+----------+---------------+-----------+-------+
[   15.624960] cloud-init[1076]: [[0;32m  OK  [0mci-info: | Route | Destination  | Gateway  |    Genmask    | Interface | Flags |] 
Started Initial cloud-init job (metadata service crawler).
[[   15.630829] cloud-init[1076]: ci-info: +-------+--------------+----------+---------------+-----------+-------+
[   15.639576] cloud-init[1076]: ci-info: |   0   |   0.0.0.0    | 10.0.2.2 |    0.0.0.0    |   enp0s3  |   UG  |
[   15.649782] cloud-init[1076]: ci-info: |   1   |   10.0.2.0   | 0.0.0.0  | 255.255.255.0 |   enp0s3  |   U   |
[   15.653176] cloud-init[1076]: ci-info: |   2   | 192.168.10.0 | 0.0.0.0  | 255.255.255.0 |   enp0s8  |   U   |
[   15.655266] cloud-init[1076]: ci-info: +-------+--------------+----------+---------------+-----------+-------+
[0;32m  OK  [0m] Reached target Network is Online.
[   15.655953] cloud-init[1076]: ci-info: +++++++++++++++++++Route IPv6 info+++++++++++++++++++
[   15.676130] cloud-init[1076]:          Starting iSCSI initiator daemon (iscsid)...ci-info: +-------+-------------+---------+-----------+-------+

[[0;32m  OK  [0m] Reached target System Initialization.
[   15.697641] cloud-init[1076]: ci-info: | Route | Destination | Gateway | Interface | Flags |
[   15.708354]          Starting LXD - unix socket.
[[0;32m  OK  [0m] Listening on D-Bus System Message Bus Socket.
         Starting Socket activation for snappy daemon.
[[0;32m  OK  [0m] Listening on UUID daemon activation socket.
cloud-init[1076]: ci-info: +-------+-------------+---------+-----------+-------+
[   15.732290] [[0;32m  OK  [0m] Started ACPI Events Check.
[[0;32m  OK  [0m] Reached target Paths.
[[0;32m  OK  [0m] Started Daily Cleanup of Temporary Directories.
cloud-init[1076]: ci-info: |   0   |  fe80::/64  |    ::   |   enp0s8  |   U   |
[   15.764347] cloud-init[1076]: ci-info: |   1   |  fe80::/64  |    ::   |   enp0s3  |   U   |
[   15.769117] cloud-init[1076]: ci-info: |   4   |   ff00::/8  |    ::   |   enp0s8  |   U   |
[   15.780811] [[0;32m  OK  [0m] Listening on ACPID Listen Socket.
cloud-init[1076]: ci-info: |   5   |   ff00::/8  |    ::   |   enp0s3  |   U   |
[   15.786595] [[0;32m  OK  [0m] Started Daily apt download activities.
[[0;32m  OK  [0m] Started Daily apt upgrade and clean activities.
[[0;32m  OK  [0m] Reached target Timers.
[[0;32m  OK  [0m] Reached target Cloud-config availability.
cloud-init[1076]: ci-info: +-------+-------------+---------+-----------+-------+
[[0;32m  OK  [0m] Listening on LXD - unix socket.
[[0;32m  OK  [0m] Listening on Socket activation for snappy daemon.
[[0;32m  OK  [0m] Started iSCSI initiator daemon (iscsid).
         Starting Login to default iSCSI targets...
[[0;32m  OK  [0m] Reached target Sockets.
[[0;32m  OK  [0m] Reached target Basic System.
[[0;32m  OK  [0m] Started ACPI event daemon.
         Starting LSB: MD monitoring daemon...
         Starting OpenBSD Secure Shell server...
[[0;32m  OK  [0m] Started High-performance, schema-free document-oriented database.
         Starting Virtualbox guest utils...
         Starting Snappy daemon...
[[0;32m  OK  [0m] Started FUSE filesystem for LXC.
         Starting /etc/rc.local Compatibility...
[[0;32m  OK  [0m] Started Deferred execution scheduler.
         Starting LSB: Record successful boot for GRUB...
[[0;32m  OK  [0m] Started Regular background program processing daemon.
         Starting Accounts Service...
[[0;32m  OK  [0m] Started Unattended Upgrades Shutdown.
[[0;32m  OK  [0m] Started D-Bus System Message Bus.
         Starting Login Service...
         Starting System Logging Service...
         Starting LXD - container startup/shutdown...
[[0;32m  OK  [0m] Started /etc/rc.local Compatibility.
[[0;32m  OK  [0m] Started OpenBSD Secure Shell server.
[[0;32m  OK  [0m] Started System Logging Service.
[[0;32m  OK  [0m] Started Login to default iSCSI targets.
[[0;32m  OK  [0m] Started LSB: MD monitoring daemon.
[[0;32m  OK  [0m] Started LSB: Record successful boot for GRUB.
[[0;32m  OK  [0m] Started Login Service.
         Starting Authenticate and Authorize Users to Run Privileged Tasks...
[[0;32m  OK  [0m] Reached target Remote File Systems (Pre).
[[0;32m  OK  [0m] Reached target Remote File Systems.
         Starting LSB: Set the CPU Frequency Scaling governor to "ondemand"...
         Starting Permit User Sessions...
         Starting LSB: daemon to balance interrupts for SMP systems...
         Starting LSB: automatic crash report generation...
[[0;32m  OK  [0m] Started Snappy daemon.
[[0;32m  OK  [0m] Started Permit User Sessions.
[[0;32m  OK  [0m] Started Virtualbox guest utils.
[[0;32m  OK  [0m] Started Authenticate and Authorize Users to Run Privileged Tasks.
[[0;32m  OK  [0m] Started Accounts Service.
[[0;32m  OK  [0m] Started LXD - container startup/shutdown.
         Starting Hold until boot process finishes up...
         Starting Terminate Plymouth Boot Screen...
         Starting Wait until snapd is fully seeded...
[[0;32m  OK  [0m] Started LSB: Set the CPU Frequency Scaling governor to "ondemand".
[[0;32m  OK  [0m] Started LSB: automatic crash report generation.
[[0;32m  OK  [0m] Started LSB: daemon to balance interrupts for SMP systems.
[[0;32m  OK  [0m] Started Hold until boot process finishes up.
[[0;32m  OK  [0m] Started Terminate Plymouth Boot Screen.
[[0;32m  OK  [0m] Started Serial Getty on ttyS0.
[[0;32m  OK  [0m] Started Getty on tty1.
[[0;32m  OK  [0m] Reached target Login Prompts.
         Starting Set console scheme...
[[0;32m  OK  [0m] Started Wait until snapd is fully seeded.
[[0;32m  OK  [0m] Started Set console scheme.
[[0;32m  OK  [0m] Reached target Multi-User System.
[[0;32m  OK  [0m] Reached target Graphical Interface.
         Starting Update UTMP about System Runlevel Changes...
         Starting Apply the settings specified in cloud-config...
[[0;32m  OK  [0m] Created slice User Slice of vagrant.
[[0;32m  OK  [0m] Started Session 1 of user vagrant.
         Starting User Manager for UID 1000...
[[0;32m  OK  [0m] Started Update UTMP about System Runlevel Changes.
[[0;32m  OK  [0m] Started User Manager for UID 1000.
[   18.551055] cloud-init[1341]: Cloud-init v. 18.5-45-g3554ffe8-0ubuntu1~16.04.1 running 'modules:config' at Wed, 29 May 2019 16:50:14 +0000. Up 18.35 seconds.
[[0;32m  OK  [0m] Started Apply the settings specified in cloud-config.
         Starting Execute cloud user/final scripts...
[   19.314601] cloud-init[1437]: Cloud-init v. 18.5-45-g3554ffe8-0ubuntu1~16.04.1 running 'modules:final' at Wed, 29 May 2019 16:50:15 +0000. Up 19.10 seconds.
[   19.322329] cloud-init[1437]: Cloud-init v. 18.5-45-g3554ffe8-0ubuntu1~16.04.1 finished at Wed, 29 May 2019 16:50:15 +0000. Datasource DataSourceNoCloud [seed=/dev/sdb][dsmode=net].  Up 19.30 seconds
[[0;32m  OK  [0m] Started Execute cloud user/final scripts.
[[0;32m  OK  [0m] Reached target Cloud-init target.

Ubuntu 16.04.6 LTS ubuntu-xenial ttyS0

ubuntu-xenial login: 